[16:06:20] [main/INFO]: Setting user: Player434
[16:06:25] [main/WARN]: Skipping bad option: lastServer:
[16:06:25] [main/INFO]: LWJGL Version: 2.9.4
[16:06:28] [main/INFO]: Reloading ResourceManager: Default, FMLFileResourcePack:Forge Mod Loader, FMLFileResourcePack:Minecraft Forge, FMLFileResourcePack:Tutorial Mod
[16:06:44] [Sound Library Loader/INFO]: Starting up SoundSystem...
[16:06:44] [Thread-5/INFO]: Initializing LWJGL OpenAL
[16:06:44] [Thread-5/INFO]: (The LWJGL binding of OpenAL.  For more information, see http://www.lwjgl.org)
[16:06:44] [Thread-5/INFO]: OpenAL initialized.
[16:06:44] [Sound Library Loader/INFO]: Sound engine started
[16:06:49] [main/INFO]: Created: 512x512 textures-atlas
[16:06:51] [main/WARN]: Skipping bad option: lastServer:
[16:06:51] [main/INFO]: Narrator library for x64 successfully loaded
[16:06:51] [Realms Notification Availability checker #1/INFO]: Could not authorize you against Realms server: Invalid session id
[16:07:08] [Server thread/INFO]: Starting integrated minecraft server version 1.12
[16:07:08] [Server thread/INFO]: Generating keypair
[16:07:09] [Server thread/INFO]: Loaded 488 advancements
[16:07:10] [Server thread/INFO]: Preparing start region for level 0
[16:07:11] [Server thread/INFO]: Preparing spawn area: 53%
[16:07:11] [Server thread/INFO]: Changing view distance to 12, from 10
[16:07:12] [Server thread/INFO]: Player434[local:E:f5902633] logged in with entity id 371 at (-189.73026511313384, 79.0, 106.58575657084614)
[16:07:12] [Server thread/INFO]: Player434 joined the game
[16:07:13] [Server thread/INFO]: Saving and pausing game...
[16:07:13] [Server thread/INFO]: Saving chunks for level 'Test'/overworld
[16:07:14] [Server thread/INFO]: Saving chunks for level 'Test'/the_nether
[16:07:14] [pool-2-thread-1/WARN]: Couldn't look up profile properties for com.mojang.authlib.GameProfile@254cde92[id=fd09468e-08e7-31aa-bab7-195a6ef31320,name=Player434,properties={},legacy=false]
com.mojang.authlib.exceptions.AuthenticationException: The client has sent too many requests within a certain amount of time
	at com.mojang.authlib.yggdrasil.YggdrasilAuthenticationService.makeRequest(YggdrasilAuthenticationService.java:79) ~[YggdrasilAuthenticationService.class:?]
	at com.mojang.authlib.yggdrasil.YggdrasilMinecraftSessionService.fillGameProfile(YggdrasilMinecraftSessionService.java:180) [YggdrasilMinecraftSessionService.class:?]
	at com.mojang.authlib.yggdrasil.YggdrasilMinecraftSessionService$1.load(YggdrasilMinecraftSessionService.java:60) [YggdrasilMinecraftSessionService$1.class:?]
	at com.mojang.authlib.yggdrasil.YggdrasilMinecraftSessionService$1.load(YggdrasilMinecraftSessionService.java:57) [YggdrasilMinecraftSessionService$1.class:?]
	at com.google.common.cache.LocalCache$LoadingValueReference.loadFuture(LocalCache.java:3716) [guava-21.0.jar:?]
	at com.google.common.cache.LocalCache$Segment.loadSync(LocalCache.java:2424) [guava-21.0.jar:?]
	at com.google.common.cache.LocalCache$Segment.lockedGetOrLoad(LocalCache.java:2298) [guava-21.0.jar:?]
	at com.google.common.cache.LocalCache$Segment.get(LocalCache.java:2211) [guava-21.0.jar:?]
	at com.google.common.cache.LocalCache.get(LocalCache.java:4154) [guava-21.0.jar:?]
	at com.google.common.cache.LocalCache.getOrLoad(LocalCache.java:4158) [guava-21.0.jar:?]
	at com.google.common.cache.LocalCache$LocalLoadingCache.get(LocalCache.java:5147) [guava-21.0.jar:?]
	at com.google.common.cache.LocalCache$LocalLoadingCache.getUnchecked(LocalCache.java:5153) [guava-21.0.jar:?]
	at com.mojang.authlib.yggdrasil.YggdrasilMinecraftSessionService.fillProfileProperties(YggdrasilMinecraftSessionService.java:170) [YggdrasilMinecraftSessionService.class:?]
	at net.minecraft.client.Minecraft.getProfileProperties(Minecraft.java:3154) [Minecraft.class:?]
	at net.minecraft.client.resources.SkinManager$3.run(SkinManager.java:138) [SkinManager$3.class:?]
	at java.util.concurrent.Executors$RunnableAdapter.call(Unknown Source) [?:1.8.0_161]
	at java.util.concurrent.FutureTask.run(Unknown Source) [?:1.8.0_161]
	at java.util.concurrent.ThreadPoolExecutor.runWorker(Unknown Source) [?:1.8.0_161]
	at java.util.concurrent.ThreadPoolExecutor$Worker.run(Unknown Source) [?:1.8.0_161]
	at java.lang.Thread.run(Unknown Source) [?:1.8.0_161]
[16:07:14] [Server thread/INFO]: Saving chunks for level 'Test'/the_end
[16:07:22] [Server thread/INFO]: Saving and pausing game...
[16:07:22] [Server thread/INFO]: Saving chunks for level 'Test'/overworld
[16:07:22] [Server thread/INFO]: Saving chunks for level 'Test'/the_nether
[16:07:22] [Server thread/INFO]: Saving chunks for level 'Test'/the_end
[16:07:23] [main/INFO]: Stopping!
[16:07:23] [Server thread/INFO]: Stopping server
[16:07:23] [Server thread/INFO]: Saving players
[16:07:23] [Server thread/INFO]: Saving worlds
[16:07:23] [Server thread/INFO]: Saving chunks for level 'Test'/overworld
[16:07:23] [Server thread/INFO]: Saving chunks for level 'Test'/the_nether
[16:07:23] [Server thread/INFO]: Saving chunks for level 'Test'/the_end
[16:07:23] [main/INFO]: SoundSystem shutting down...
[16:07:24] [main/WARN]: Author: Paul Lamb, www.paulscode.com
