[11:09:51] [main/INFO]: Setting user: Player658
[11:09:53] [Client thread/INFO]: LWJGL Version: 2.9.1
[11:10:01] [Client thread/INFO]: Reloading ResourceManager: Default, FMLFileResourcePack:Forge Mod Loader, FMLFileResourcePack:Minecraft Forge, FMLFileResourcePack:Example Mod, FMLFileResourcePack:TutoriaMod
[11:10:02] [Sound Library Loader/INFO]: Sound engine started
[11:10:18] [Client thread/INFO]: Created: 512x256 textures/blocks-atlas
[11:10:18] [Client thread/INFO]: Created: 256x256 textures/items-atlas
[11:10:18] [Client thread/INFO]: Reloading ResourceManager: Default, FMLFileResourcePack:Forge Mod Loader, FMLFileResourcePack:Minecraft Forge, FMLFileResourcePack:Example Mod, FMLFileResourcePack:TutoriaMod
[11:10:19] [Client thread/INFO]: Created: 512x256 textures/blocks-atlas
[11:10:19] [Client thread/INFO]: Created: 256x256 textures/items-atlas
[11:10:19] [Sound Library Loader/INFO]: Sound engine started
[11:10:45] [Server thread/INFO]: Starting integrated minecraft server version 1.7.10
[11:10:45] [Server thread/INFO]: Generating keypair
[11:10:45] [Server thread/INFO]: Converting map!
[11:10:45] [Server thread/INFO]: Scanning folders...
[11:10:45] [Server thread/INFO]: Total conversion count is 0
[11:10:45] [Server thread/INFO]: Preparing start region for level 0
[11:10:46] [Server thread/INFO]: Preparing spawn area: 9%
[11:10:47] [Server thread/INFO]: Preparing spawn area: 29%
[11:10:48] [Server thread/INFO]: Preparing spawn area: 54%
[11:10:49] [Server thread/INFO]: Preparing spawn area: 78%
[11:10:50] [Server thread/INFO]: Changing view distance to 12, from 10
[11:10:51] [Server thread/INFO]: Player658[local:E:e3247523] logged in with entity id 305 at (-45.5, 70.0, 251.5)
[11:10:51] [Server thread/INFO]: Player658 joined the game
[11:10:53] [Server thread/INFO]: Saving and pausing game...
[11:10:53] [Server thread/INFO]: Saving chunks for level 'New World'/Overworld
[11:10:57] [Server thread/INFO]: Saving chunks for level 'New World'/Nether
[11:10:57] [Server thread/INFO]: Saving chunks for level 'New World'/The End
[11:10:57] [Server thread/WARN]: Can't keep up! Did the system time change, or is the server overloaded? Running 4315ms behind, skipping 86 tick(s)
[11:18:12] [Server thread/INFO]: Saving and pausing game...
[11:18:12] [Server thread/INFO]: Saving chunks for level 'New World'/Overworld
[11:18:14] [Server thread/INFO]: Saving chunks for level 'New World'/Nether
[11:18:14] [Server thread/INFO]: Saving chunks for level 'New World'/The End
[11:18:14] [Server thread/INFO]: Stopping server
[11:18:14] [Server thread/INFO]: Saving players
[11:18:14] [Server thread/INFO]: Saving worlds
[11:18:14] [Server thread/INFO]: Saving chunks for level 'New World'/Overworld
[11:18:14] [Server thread/INFO]: Saving chunks for level 'New World'/Nether
[11:18:14] [Server thread/INFO]: Saving chunks for level 'New World'/The End
[11:18:17] [Client thread/INFO]: Stopping!
